2021-02-27 18:33:02,301 [Worker-5: Loading available Gradle versions] INFO  o.e.b.c.i.u.g.PublishedGradleVersions - Gradle version information cache is out-of-date. Trying to update.
2021-02-27 20:17:46,501 [Worker-6: Creating maven-archetype-quickstart] INFO  o.e.m.c.i.p.ProjectConfigurationManager - Collecting project info '/pom.xml' F:\PC_Documents\UNO Spring 2021\Software Engineering\AWS Instance\workspaceCSCI4830-techproject-Sossa\tech-project\pom.xml
2021-02-27 20:17:50,065 [Worker-6: Creating maven-archetype-quickstart] INFO  o.e.m.c.i.l.LifecycleMappingFactory - Using org.eclipse.m2e.jdt.JarLifecycleMapping lifecycle mapping for MavenProject: tech-project:tech-project:0.0.1-SNAPSHOT @ F:\PC_Documents\UNO Spring 2021\Software Engineering\AWS Instance\workspaceCSCI4830-techproject-Sossa\tech-project\pom.xml.
2021-02-27 20:17:51,217 [Worker-6: Creating maven-archetype-quickstart] INFO  o.e.m.j.i.AbstractJavaProjectConfigurator - Adding source folder /tech-project/src/main/java
2021-02-27 20:17:51,252 [Worker-6: Creating maven-archetype-quickstart] INFO  o.e.m.j.i.AbstractJavaProjectConfigurator - Adding source folder /tech-project/src/test/java
2021-02-27 20:17:51,655 [Worker-6: Creating maven-archetype-quickstart] INFO  o.e.m.c.i.p.ProjectConfigurationManager - Imported and configured 1 project(s) in 5 sec
2021-02-27 20:17:53,185 [Worker-23: Building workspace] INFO  o.e.m.c.i.embedder.EclipseLogger - Using 'UTF-8' encoding to copy filtered resources.
2021-02-27 20:17:53,186 [Worker-23: Building workspace] INFO  o.e.m.c.i.embedder.EclipseLogger - skip non existing resourceDirectory F:\PC_Documents\UNO Spring 2021\Software Engineering\AWS Instance\workspaceCSCI4830-techproject-Sossa\tech-project\src\main\resources
2021-02-27 20:17:53,188 [Worker-23: Building workspace] INFO  o.e.m.c.i.embedder.EclipseLogger - Using 'UTF-8' encoding to copy filtered resources.
2021-02-27 20:17:53,188 [Worker-23: Building workspace] INFO  o.e.m.c.i.embedder.EclipseLogger - skip non existing resourceDirectory F:\PC_Documents\UNO Spring 2021\Software Engineering\AWS Instance\workspaceCSCI4830-techproject-Sossa\tech-project\src\test\resources
2021-02-27 20:18:14,905 [Worker-8: Building workspace] INFO  o.e.m.c.i.embedder.EclipseLogger - Using 'UTF-8' encoding to copy filtered resources.
2021-02-27 20:18:14,905 [Worker-8: Building workspace] INFO  o.e.m.c.i.embedder.EclipseLogger - skip non existing resourceDirectory F:\PC_Documents\UNO Spring 2021\Software Engineering\AWS Instance\workspaceCSCI4830-techproject-Sossa\tech-project\src\main\resources
2021-02-27 20:18:14,906 [Worker-8: Building workspace] INFO  o.e.m.c.i.embedder.EclipseLogger - Using 'UTF-8' encoding to copy filtered resources.
2021-02-27 20:18:14,906 [Worker-8: Building workspace] INFO  o.e.m.c.i.embedder.EclipseLogger - skip non existing resourceDirectory F:\PC_Documents\UNO Spring 2021\Software Engineering\AWS Instance\workspaceCSCI4830-techproject-Sossa\tech-project\src\test\resources
2021-02-27 20:19:33,917 [Worker-21: Building workspace] INFO  o.e.m.c.i.embedder.EclipseLogger - Using 'UTF-8' encoding to copy filtered resources.
2021-02-27 20:19:33,918 [Worker-21: Building workspace] INFO  o.e.m.c.i.embedder.EclipseLogger - skip non existing resourceDirectory F:\PC_Documents\UNO Spring 2021\Software Engineering\AWS Instance\workspaceCSCI4830-techproject-Sossa\tech-project\src\main\resources
2021-02-27 20:19:33,920 [Worker-21: Building workspace] INFO  o.e.m.c.i.embedder.EclipseLogger - Using 'UTF-8' encoding to copy filtered resources.
2021-02-27 20:19:33,920 [Worker-21: Building workspace] INFO  o.e.m.c.i.embedder.EclipseLogger - skip non existing resourceDirectory F:\PC_Documents\UNO Spring 2021\Software Engineering\AWS Instance\workspaceCSCI4830-techproject-Sossa\tech-project\src\test\resources
2021-02-27 20:26:44,863 [Worker-8: Creating maven-archetype-webapp] INFO  o.e.m.c.i.p.ProjectConfigurationManager - Collecting project info '/pom.xml' F:\PC_Documents\UNO Spring 2021\Software Engineering\AWS Instance\workspaceCSCI4830-techproject-Sossa\tech-project\pom.xml
2021-02-27 20:26:45,339 [Worker-8: Creating maven-archetype-webapp] INFO  o.e.m.c.i.l.LifecycleMappingFactory - Using org.eclipse.m2e.jdt.JarLifecycleMapping lifecycle mapping for MavenProject: techproject4830-Sossa:tech-project:0.0.1-SNAPSHOT @ F:\PC_Documents\UNO Spring 2021\Software Engineering\AWS Instance\workspaceCSCI4830-techproject-Sossa\tech-project\pom.xml.
2021-02-27 20:26:45,791 [Worker-8: Creating maven-archetype-webapp] INFO  o.e.m.j.i.AbstractJavaProjectConfigurator - Adding source folder /tech-project/src/main/java
2021-02-27 20:26:45,792 [Worker-8: Creating maven-archetype-webapp] INFO  o.e.m.j.i.AbstractJavaProjectConfigurator - Adding resource folder /tech-project/src/main/resources
2021-02-27 20:26:45,792 [Worker-8: Creating maven-archetype-webapp] INFO  o.e.m.j.i.AbstractJavaProjectConfigurator - Adding source folder /tech-project/src/test/java
2021-02-27 20:26:45,941 [Worker-8: Creating maven-archetype-webapp] INFO  o.e.m.c.i.p.ProjectConfigurationManager - Imported and configured 1 project(s) in 1 sec
2021-02-27 20:26:46,304 [Worker-8: Building workspace] WARN  o.e.m.c.i.embedder.EclipseLogger - Using platform encoding (Cp1252 actually) to copy filtered resources, i.e. build is platform dependent!
2021-02-27 20:26:46,317 [Worker-8: Building workspace] INFO  o.e.m.c.i.embedder.EclipseLogger - Copying 0 resource
2021-02-27 20:26:46,319 [Worker-8: Building workspace] WARN  o.e.m.c.i.embedder.EclipseLogger - Using platform encoding (Cp1252 actually) to copy filtered resources, i.e. build is platform dependent!
2021-02-27 20:26:46,327 [Worker-8: Building workspace] INFO  o.e.m.c.i.embedder.EclipseLogger - skip non existing resourceDirectory F:\PC_Documents\UNO Spring 2021\Software Engineering\AWS Instance\workspaceCSCI4830-techproject-Sossa\tech-project\src\test\resources
2021-02-27 20:29:18,999 [Worker-27: Building workspace] WARN  o.e.m.c.i.embedder.EclipseLogger - Using platform encoding (Cp1252 actually) to copy filtered resources, i.e. build is platform dependent!
2021-02-27 20:29:19,040 [Worker-27: Building workspace] INFO  o.e.m.c.i.embedder.EclipseLogger - Copying 1 resource
2021-02-27 20:29:19,097 [Worker-27: Building workspace] WARN  o.e.m.c.i.embedder.EclipseLogger - Using platform encoding (Cp1252 actually) to copy filtered resources, i.e. build is platform dependent!
2021-02-27 20:29:19,134 [Worker-27: Building workspace] INFO  o.e.m.c.i.embedder.EclipseLogger - skip non existing resourceDirectory F:\PC_Documents\UNO Spring 2021\Software Engineering\AWS Instance\workspaceCSCI4830-techproject-Sossa\tech-project\src\test\resources
2021-02-27 20:29:33,406 [Worker-21: Building workspace] WARN  o.e.m.c.i.embedder.EclipseLogger - Using platform encoding (Cp1252 actually) to copy filtered resources, i.e. build is platform dependent!
2021-02-27 20:29:33,415 [Worker-21: Building workspace] INFO  o.e.m.c.i.embedder.EclipseLogger - Copying 1 resource
2021-02-27 20:29:33,422 [Worker-21: Building workspace] WARN  o.e.m.c.i.embedder.EclipseLogger - Using platform encoding (Cp1252 actually) to copy filtered resources, i.e. build is platform dependent!
2021-02-27 20:29:33,430 [Worker-21: Building workspace] INFO  o.e.m.c.i.embedder.EclipseLogger - skip non existing resourceDirectory F:\PC_Documents\UNO Spring 2021\Software Engineering\AWS Instance\workspaceCSCI4830-techproject-Sossa\tech-project\src\test\resources
2021-02-27 20:30:20,134 [Worker-27: Building workspace] WARN  o.e.m.c.i.embedder.EclipseLogger - Using platform encoding (Cp1252 actually) to copy filtered resources, i.e. build is platform dependent!
2021-02-27 20:30:20,142 [Worker-27: Building workspace] INFO  o.e.m.c.i.embedder.EclipseLogger - Copying 1 resource
2021-02-27 20:30:20,148 [Worker-27: Building workspace] WARN  o.e.m.c.i.embedder.EclipseLogger - Using platform encoding (Cp1252 actually) to copy filtered resources, i.e. build is platform dependent!
2021-02-27 20:30:20,167 [Worker-27: Building workspace] INFO  o.e.m.c.i.embedder.EclipseLogger - skip non existing resourceDirectory F:\PC_Documents\UNO Spring 2021\Software Engineering\AWS Instance\workspaceCSCI4830-techproject-Sossa\tech-project\src\test\resources
2021-02-27 20:31:34,039 [Worker-25: Building workspace] WARN  o.e.m.c.i.embedder.EclipseLogger - Using platform encoding (Cp1252 actually) to copy filtered resources, i.e. build is platform dependent!
2021-02-27 20:31:34,054 [Worker-25: Building workspace] INFO  o.e.m.c.i.embedder.EclipseLogger - Copying 1 resource
2021-02-27 20:31:34,064 [Worker-25: Building workspace] WARN  o.e.m.c.i.embedder.EclipseLogger - Using platform encoding (Cp1252 actually) to copy filtered resources, i.e. build is platform dependent!
2021-02-27 20:31:34,080 [Worker-25: Building workspace] INFO  o.e.m.c.i.embedder.EclipseLogger - skip non existing resourceDirectory F:\PC_Documents\UNO Spring 2021\Software Engineering\AWS Instance\workspaceCSCI4830-techproject-Sossa\tech-project\src\test\resources
2021-02-27 20:31:54,635 [Worker-26: Building workspace] WARN  o.e.m.c.i.embedder.EclipseLogger - Using platform encoding (Cp1252 actually) to copy filtered resources, i.e. build is platform dependent!
2021-02-27 20:31:54,644 [Worker-26: Building workspace] INFO  o.e.m.c.i.embedder.EclipseLogger - Copying 1 resource
2021-02-27 20:31:54,650 [Worker-26: Building workspace] WARN  o.e.m.c.i.embedder.EclipseLogger - Using platform encoding (Cp1252 actually) to copy filtered resources, i.e. build is platform dependent!
2021-02-27 20:31:54,658 [Worker-26: Building workspace] INFO  o.e.m.c.i.embedder.EclipseLogger - skip non existing resourceDirectory F:\PC_Documents\UNO Spring 2021\Software Engineering\AWS Instance\workspaceCSCI4830-techproject-Sossa\tech-project\src\test\resources
2021-02-27 20:33:08,831 [Worker-24: Building workspace] WARN  o.e.m.c.i.embedder.EclipseLogger - Using platform encoding (Cp1252 actually) to copy filtered resources, i.e. build is platform dependent!
2021-02-27 20:33:08,846 [Worker-24: Building workspace] INFO  o.e.m.c.i.embedder.EclipseLogger - Copying 1 resource
2021-02-27 20:33:08,859 [Worker-24: Building workspace] WARN  o.e.m.c.i.embedder.EclipseLogger - Using platform encoding (Cp1252 actually) to copy filtered resources, i.e. build is platform dependent!
2021-02-27 20:33:08,868 [Worker-24: Building workspace] INFO  o.e.m.c.i.embedder.EclipseLogger - skip non existing resourceDirectory F:\PC_Documents\UNO Spring 2021\Software Engineering\AWS Instance\workspaceCSCI4830-techproject-Sossa\tech-project\src\test\resources
2021-02-27 20:33:25,480 [Worker-27: Building workspace] WARN  o.e.m.c.i.embedder.EclipseLogger - Using platform encoding (Cp1252 actually) to copy filtered resources, i.e. build is platform dependent!
2021-02-27 20:33:25,491 [Worker-27: Building workspace] INFO  o.e.m.c.i.embedder.EclipseLogger - Copying 1 resource
2021-02-27 20:33:25,498 [Worker-27: Building workspace] WARN  o.e.m.c.i.embedder.EclipseLogger - Using platform encoding (Cp1252 actually) to copy filtered resources, i.e. build is platform dependent!
2021-02-27 20:33:25,511 [Worker-27: Building workspace] INFO  o.e.m.c.i.embedder.EclipseLogger - skip non existing resourceDirectory F:\PC_Documents\UNO Spring 2021\Software Engineering\AWS Instance\workspaceCSCI4830-techproject-Sossa\tech-project\src\test\resources
2021-02-27 20:34:11,165 [Worker-26: Building workspace] WARN  o.e.m.c.i.embedder.EclipseLogger - Using platform encoding (Cp1252 actually) to copy filtered resources, i.e. build is platform dependent!
2021-02-27 20:34:11,175 [Worker-26: Building workspace] INFO  o.e.m.c.i.embedder.EclipseLogger - Copying 0 resource
2021-02-27 20:34:11,176 [Worker-26: Building workspace] WARN  o.e.m.c.i.embedder.EclipseLogger - Using platform encoding (Cp1252 actually) to copy filtered resources, i.e. build is platform dependent!
2021-02-27 20:34:11,184 [Worker-26: Building workspace] INFO  o.e.m.c.i.embedder.EclipseLogger - skip non existing resourceDirectory F:\PC_Documents\UNO Spring 2021\Software Engineering\AWS Instance\workspaceCSCI4830-techproject-Sossa\tech-project\src\test\resources
2021-02-27 20:34:58,291 [Worker-25: Building workspace] WARN  o.e.m.c.i.embedder.EclipseLogger - Using platform encoding (Cp1252 actually) to copy filtered resources, i.e. build is platform dependent!
2021-02-27 20:34:58,302 [Worker-25: Building workspace] INFO  o.e.m.c.i.embedder.EclipseLogger - Copying 1 resource
2021-02-27 20:34:58,318 [Worker-25: Building workspace] WARN  o.e.m.c.i.embedder.EclipseLogger - Using platform encoding (Cp1252 actually) to copy filtered resources, i.e. build is platform dependent!
2021-02-27 20:34:58,328 [Worker-25: Building workspace] INFO  o.e.m.c.i.embedder.EclipseLogger - skip non existing resourceDirectory F:\PC_Documents\UNO Spring 2021\Software Engineering\AWS Instance\workspaceCSCI4830-techproject-Sossa\tech-project\src\test\resources
2021-02-27 20:35:08,693 [Worker-21: Rebuilding] WARN  o.e.m.c.i.embedder.EclipseLogger - Using platform encoding (Cp1252 actually) to copy filtered resources, i.e. build is platform dependent!
2021-02-27 20:35:08,701 [Worker-21: Rebuilding] INFO  o.e.m.c.i.embedder.EclipseLogger - Copying 1 resource
2021-02-27 20:35:08,708 [Worker-21: Rebuilding] WARN  o.e.m.c.i.embedder.EclipseLogger - Using platform encoding (Cp1252 actually) to copy filtered resources, i.e. build is platform dependent!
2021-02-27 20:35:08,718 [Worker-21: Rebuilding] INFO  o.e.m.c.i.embedder.EclipseLogger - skip non existing resourceDirectory F:\PC_Documents\UNO Spring 2021\Software Engineering\AWS Instance\workspaceCSCI4830-techproject-Sossa\tech-project\src\test\resources
2021-02-27 20:35:28,926 [Worker-26: Building workspace] WARN  o.e.m.c.i.embedder.EclipseLogger - Using platform encoding (Cp1252 actually) to copy filtered resources, i.e. build is platform dependent!
2021-02-27 20:35:28,937 [Worker-26: Building workspace] INFO  o.e.m.c.i.embedder.EclipseLogger - Copying 1 resource
2021-02-27 20:35:28,941 [Worker-26: Building workspace] WARN  o.e.m.c.i.embedder.EclipseLogger - Using platform encoding (Cp1252 actually) to copy filtered resources, i.e. build is platform dependent!
2021-02-27 20:35:28,961 [Worker-26: Building workspace] INFO  o.e.m.c.i.embedder.EclipseLogger - skip non existing resourceDirectory F:\PC_Documents\UNO Spring 2021\Software Engineering\AWS Instance\workspaceCSCI4830-techproject-Sossa\tech-project\src\test\resources
2021-02-27 20:36:38,958 [Worker-25: Building workspace] WARN  o.e.m.c.i.embedder.EclipseLogger - Using platform encoding (Cp1252 actually) to copy filtered resources, i.e. build is platform dependent!
2021-02-27 20:36:38,996 [Worker-25: Building workspace] INFO  o.e.m.c.i.embedder.EclipseLogger - Copying 1 resource
2021-02-27 20:36:39,030 [Worker-25: Building workspace] WARN  o.e.m.c.i.embedder.EclipseLogger - Using platform encoding (Cp1252 actually) to copy filtered resources, i.e. build is platform dependent!
2021-02-27 20:36:39,067 [Worker-25: Building workspace] INFO  o.e.m.c.i.embedder.EclipseLogger - skip non existing resourceDirectory F:\PC_Documents\UNO Spring 2021\Software Engineering\AWS Instance\workspaceCSCI4830-techproject-Sossa\tech-project\src\test\resources
2021-02-27 20:37:04,532 [Worker-26: Building workspace] WARN  o.e.m.c.i.embedder.EclipseLogger - Using platform encoding (Cp1252 actually) to copy filtered resources, i.e. build is platform dependent!
2021-02-27 20:37:04,568 [Worker-26: Building workspace] INFO  o.e.m.c.i.embedder.EclipseLogger - Copying 1 resource
2021-02-27 20:37:04,602 [Worker-26: Building workspace] WARN  o.e.m.c.i.embedder.EclipseLogger - Using platform encoding (Cp1252 actually) to copy filtered resources, i.e. build is platform dependent!
2021-02-27 20:37:04,637 [Worker-26: Building workspace] INFO  o.e.m.c.i.embedder.EclipseLogger - skip non existing resourceDirectory F:\PC_Documents\UNO Spring 2021\Software Engineering\AWS Instance\workspaceCSCI4830-techproject-Sossa\tech-project\src\test\resources
2021-02-27 20:37:07,267 [Worker-25: Building workspace] WARN  o.e.m.c.i.embedder.EclipseLogger - Using platform encoding (Cp1252 actually) to copy filtered resources, i.e. build is platform dependent!
2021-02-27 20:37:07,276 [Worker-25: Building workspace] INFO  o.e.m.c.i.embedder.EclipseLogger - Copying 1 resource
2021-02-27 20:37:07,283 [Worker-25: Building workspace] WARN  o.e.m.c.i.embedder.EclipseLogger - Using platform encoding (Cp1252 actually) to copy filtered resources, i.e. build is platform dependent!
2021-02-27 20:37:07,293 [Worker-25: Building workspace] INFO  o.e.m.c.i.embedder.EclipseLogger - skip non existing resourceDirectory F:\PC_Documents\UNO Spring 2021\Software Engineering\AWS Instance\workspaceCSCI4830-techproject-Sossa\tech-project\src\test\resources
2021-02-27 20:37:15,332 [Worker-25: Building workspace] WARN  o.e.m.c.i.embedder.EclipseLogger - Using platform encoding (Cp1252 actually) to copy filtered resources, i.e. build is platform dependent!
2021-02-27 20:37:15,358 [Worker-25: Building workspace] INFO  o.e.m.c.i.embedder.EclipseLogger - Copying 1 resource
2021-02-27 20:37:15,368 [Worker-25: Building workspace] WARN  o.e.m.c.i.embedder.EclipseLogger - Using platform encoding (Cp1252 actually) to copy filtered resources, i.e. build is platform dependent!
2021-02-27 20:37:15,378 [Worker-25: Building workspace] INFO  o.e.m.c.i.embedder.EclipseLogger - skip non existing resourceDirectory F:\PC_Documents\UNO Spring 2021\Software Engineering\AWS Instance\workspaceCSCI4830-techproject-Sossa\tech-project\src\test\resources
2021-02-27 20:37:17,052 [Worker-27: Building workspace] WARN  o.e.m.c.i.embedder.EclipseLogger - Using platform encoding (Cp1252 actually) to copy filtered resources, i.e. build is platform dependent!
2021-02-27 20:37:17,072 [Worker-27: Building workspace] INFO  o.e.m.c.i.embedder.EclipseLogger - Copying 1 resource
2021-02-27 20:37:17,082 [Worker-27: Building workspace] WARN  o.e.m.c.i.embedder.EclipseLogger - Using platform encoding (Cp1252 actually) to copy filtered resources, i.e. build is platform dependent!
2021-02-27 20:37:17,094 [Worker-27: Building workspace] INFO  o.e.m.c.i.embedder.EclipseLogger - skip non existing resourceDirectory F:\PC_Documents\UNO Spring 2021\Software Engineering\AWS Instance\workspaceCSCI4830-techproject-Sossa\tech-project\src\test\resources
2021-02-27 20:37:32,862 [Worker-27: Building workspace] WARN  o.e.m.c.i.embedder.EclipseLogger - Using platform encoding (Cp1252 actually) to copy filtered resources, i.e. build is platform dependent!
2021-02-27 20:37:32,872 [Worker-27: Building workspace] INFO  o.e.m.c.i.embedder.EclipseLogger - Copying 1 resource
2021-02-27 20:37:32,878 [Worker-27: Building workspace] WARN  o.e.m.c.i.embedder.EclipseLogger - Using platform encoding (Cp1252 actually) to copy filtered resources, i.e. build is platform dependent!
2021-02-27 20:37:32,886 [Worker-27: Building workspace] INFO  o.e.m.c.i.embedder.EclipseLogger - skip non existing resourceDirectory F:\PC_Documents\UNO Spring 2021\Software Engineering\AWS Instance\workspaceCSCI4830-techproject-Sossa\tech-project\src\test\resources
2021-02-27 20:37:36,168 [Worker-27: Building workspace] WARN  o.e.m.c.i.embedder.EclipseLogger - Using platform encoding (Cp1252 actually) to copy filtered resources, i.e. build is platform dependent!
2021-02-27 20:37:36,178 [Worker-27: Building workspace] INFO  o.e.m.c.i.embedder.EclipseLogger - Copying 1 resource
2021-02-27 20:37:36,193 [Worker-27: Building workspace] WARN  o.e.m.c.i.embedder.EclipseLogger - Using platform encoding (Cp1252 actually) to copy filtered resources, i.e. build is platform dependent!
2021-02-27 20:37:36,201 [Worker-27: Building workspace] INFO  o.e.m.c.i.embedder.EclipseLogger - skip non existing resourceDirectory F:\PC_Documents\UNO Spring 2021\Software Engineering\AWS Instance\workspaceCSCI4830-techproject-Sossa\tech-project\src\test\resources
2021-02-27 20:39:46,633 [main] INFO  o.e.m2e.actions.ExecutePomAction - Creating new launch configuration
2021-02-27 20:39:59,811 [Worker-27: Launching tech-project] INFO  o.e.m.i.launch.MavenLaunchDelegate - F:\PC_Documents\UNO Spring 2021\Software Engineering\AWS Instance\workspaceCSCI4830-techproject-Sossa\tech-project
2021-02-27 20:39:59,813 [Worker-27: Launching tech-project] INFO  o.e.m.i.launch.MavenLaunchDelegate -  mvn -B clean install
2021-02-27 20:41:59,965 [main] INFO  o.e.m2e.actions.ExecutePomAction - Creating new launch configuration
2021-02-27 20:45:45,325 [main] INFO  o.e.m2e.actions.ExecutePomAction - Creating new launch configuration
2021-02-27 20:45:55,155 [Worker-24: Launching tech-project (2)] INFO  o.e.m.i.launch.MavenLaunchDelegate - F:\PC_Documents\UNO Spring 2021\Software Engineering\AWS Instance\workspaceCSCI4830-techproject-Sossa\tech-project
2021-02-27 20:45:55,155 [Worker-24: Launching tech-project (2)] INFO  o.e.m.i.launch.MavenLaunchDelegate -  mvn -B clearn install
2021-02-27 20:46:07,487 [main] INFO  o.e.m2e.actions.ExecutePomAction - Creating new launch configuration
2021-02-27 20:46:16,686 [Worker-25: Launching tech-project (3)] INFO  o.e.m.i.launch.MavenLaunchDelegate - F:\PC_Documents\UNO Spring 2021\Software Engineering\AWS Instance\workspaceCSCI4830-techproject-Sossa\tech-project
2021-02-27 20:46:16,686 [Worker-25: Launching tech-project (3)] INFO  o.e.m.i.launch.MavenLaunchDelegate -  mvn -B clean install
2021-02-27 20:53:21,983 [Worker-25: Building workspace] INFO  o.e.m.c.i.l.LifecycleMappingFactory - Using org.eclipse.m2e.jdt.JarLifecycleMapping lifecycle mapping for MavenProject: techproject4830-Sossa:tech-project:0.0.1-SNAPSHOT @ F:\PC_Documents\UNO Spring 2021\Software Engineering\AWS Instance\workspaceCSCI4830-techproject-Sossa\tech-project\pom.xml.
2021-02-27 20:53:22,469 [Worker-25: Building workspace] INFO  o.e.m.c.i.e.AbstractTransferListenerAdapter - Downloading https://repo.maven.apache.org/maven2/javax/servlet/javax.servlet-api/3.1.0/javax.servlet-api-3.1.0.pom
2021-02-27 20:53:22,577 [Worker-25: Building workspace] INFO  o.e.m.c.i.e.AbstractTransferListenerAdapter - Downloaded https://repo.maven.apache.org/maven2/javax/servlet/javax.servlet-api/3.1.0/javax.servlet-api-3.1.0.pom
2021-02-27 20:53:22,619 [Worker-25: Building workspace] INFO  o.e.m.c.i.e.AbstractTransferListenerAdapter - Downloading https://repo.maven.apache.org/maven2/net/java/jvnet-parent/3/jvnet-parent-3.pom
2021-02-27 20:53:22,659 [Worker-25: Building workspace] INFO  o.e.m.c.i.e.AbstractTransferListenerAdapter - Downloaded https://repo.maven.apache.org/maven2/net/java/jvnet-parent/3/jvnet-parent-3.pom
2021-02-27 20:53:22,700 [Worker-25: Building workspace] INFO  o.e.m.c.i.e.AbstractTransferListenerAdapter - Downloading https://repo.maven.apache.org/maven2/javax/servlet/javax.servlet-api/3.1.0/javax.servlet-api-3.1.0.jar
2021-02-27 20:53:22,848 [Worker-25: Building workspace] INFO  o.e.m.c.i.e.AbstractTransferListenerAdapter - Downloaded https://repo.maven.apache.org/maven2/javax/servlet/javax.servlet-api/3.1.0/javax.servlet-api-3.1.0.jar
2021-02-27 20:53:23,541 [Worker-25: Building workspace] WARN  o.e.m.c.i.embedder.EclipseLogger - Using platform encoding (Cp1252 actually) to copy filtered resources, i.e. build is platform dependent!
2021-02-27 20:53:23,557 [Worker-25: Building workspace] INFO  o.e.m.c.i.embedder.EclipseLogger - Copying 0 resource
2021-02-27 20:53:23,559 [Worker-25: Building workspace] WARN  o.e.m.c.i.embedder.EclipseLogger - Using platform encoding (Cp1252 actually) to copy filtered resources, i.e. build is platform dependent!
2021-02-27 20:53:23,573 [Worker-25: Building workspace] INFO  o.e.m.c.i.embedder.EclipseLogger - skip non existing resourceDirectory F:\PC_Documents\UNO Spring 2021\Software Engineering\AWS Instance\workspaceCSCI4830-techproject-Sossa\tech-project\src\test\resources
2021-02-27 20:53:24,643 [Worker-30: Building workspace] WARN  o.e.m.c.i.embedder.EclipseLogger - Using platform encoding (Cp1252 actually) to copy filtered resources, i.e. build is platform dependent!
2021-02-27 20:53:24,656 [Worker-30: Building workspace] INFO  o.e.m.c.i.embedder.EclipseLogger - Copying 1 resource
2021-02-27 20:53:24,668 [Worker-30: Building workspace] WARN  o.e.m.c.i.embedder.EclipseLogger - Using platform encoding (Cp1252 actually) to copy filtered resources, i.e. build is platform dependent!
2021-02-27 20:53:24,679 [Worker-30: Building workspace] INFO  o.e.m.c.i.embedder.EclipseLogger - skip non existing resourceDirectory F:\PC_Documents\UNO Spring 2021\Software Engineering\AWS Instance\workspaceCSCI4830-techproject-Sossa\tech-project\src\test\resources
2021-02-27 20:53:24,707 [Worker-25: Download sources and javadoc] INFO  o.e.m.c.i.e.AbstractTransferListenerAdapter - Downloading https://repo.maven.apache.org/maven2/javax/servlet/javax.servlet-api/3.1.0/javax.servlet-api-3.1.0-sources.jar
2021-02-27 20:53:24,833 [Worker-25: Download sources and javadoc] INFO  o.e.m.c.i.e.AbstractTransferListenerAdapter - Downloaded https://repo.maven.apache.org/maven2/javax/servlet/javax.servlet-api/3.1.0/javax.servlet-api-3.1.0-sources.jar
2021-02-27 20:53:25,016 [Worker-25: Download sources and javadoc] INFO  o.e.m.j.internal.DownloadSourcesJob - Downloaded sources for javax.servlet:javax.servlet-api:3.1.0
2021-02-27 20:53:25,743 [Worker-30: Building workspace] WARN  o.e.m.c.i.embedder.EclipseLogger - Using platform encoding (Cp1252 actually) to copy filtered resources, i.e. build is platform dependent!
2021-02-27 20:53:25,753 [Worker-30: Building workspace] INFO  o.e.m.c.i.embedder.EclipseLogger - Copying 0 resource
2021-02-27 20:53:25,754 [Worker-30: Building workspace] WARN  o.e.m.c.i.embedder.EclipseLogger - Using platform encoding (Cp1252 actually) to copy filtered resources, i.e. build is platform dependent!
2021-02-27 20:53:25,764 [Worker-30: Building workspace] INFO  o.e.m.c.i.embedder.EclipseLogger - skip non existing resourceDirectory F:\PC_Documents\UNO Spring 2021\Software Engineering\AWS Instance\workspaceCSCI4830-techproject-Sossa\tech-project\src\test\resources
2021-02-27 21:01:58,678 [Worker-30: Creating maven-archetype-webapp] INFO  o.e.m.c.i.p.ProjectConfigurationManager - Collecting project info '/pom.xml' F:\PC_Documents\UNO Spring 2021\Software Engineering\AWS Instance\workspaceCSCI4830-techproject-Sossa\techproject4830-Sossa\pom.xml
2021-02-27 21:01:59,062 [Worker-30: Creating maven-archetype-webapp] INFO  o.e.m.c.i.l.LifecycleMappingFactory - Using org.eclipse.m2e.jdt.JarLifecycleMapping lifecycle mapping for MavenProject: techproject4830-Sossa:techproject4830-Sossa:0.0.1-SNAPSHOT @ F:\PC_Documents\UNO Spring 2021\Software Engineering\AWS Instance\workspaceCSCI4830-techproject-Sossa\techproject4830-Sossa\pom.xml.
2021-02-27 21:01:59,317 [Worker-30: Creating maven-archetype-webapp] INFO  o.e.m.j.i.AbstractJavaProjectConfigurator - Adding source folder /techproject4830-Sossa/src/main/java
2021-02-27 21:01:59,317 [Worker-30: Creating maven-archetype-webapp] INFO  o.e.m.j.i.AbstractJavaProjectConfigurator - Adding resource folder /techproject4830-Sossa/src/main/resources
2021-02-27 21:01:59,318 [Worker-30: Creating maven-archetype-webapp] INFO  o.e.m.j.i.AbstractJavaProjectConfigurator - Adding source folder /techproject4830-Sossa/src/test/java
2021-02-27 21:01:59,528 [Worker-30: Creating maven-archetype-webapp] INFO  o.e.m.c.i.p.ProjectConfigurationManager - Imported and configured 1 project(s) in 0 sec
2021-02-27 21:01:59,855 [Worker-44: Building workspace] WARN  o.e.m.c.i.embedder.EclipseLogger - Using platform encoding (Cp1252 actually) to copy filtered resources, i.e. build is platform dependent!
2021-02-27 21:01:59,867 [Worker-44: Building workspace] INFO  o.e.m.c.i.embedder.EclipseLogger - Copying 0 resource
2021-02-27 21:01:59,869 [Worker-44: Building workspace] WARN  o.e.m.c.i.embedder.EclipseLogger - Using platform encoding (Cp1252 actually) to copy filtered resources, i.e. build is platform dependent!
2021-02-27 21:01:59,880 [Worker-44: Building workspace] INFO  o.e.m.c.i.embedder.EclipseLogger - skip non existing resourceDirectory F:\PC_Documents\UNO Spring 2021\Software Engineering\AWS Instance\workspaceCSCI4830-techproject-Sossa\techproject4830-Sossa\src\test\resources
2021-02-27 21:04:14,231 [Worker-25: Building workspace] INFO  o.e.m.c.i.l.LifecycleMappingFactory - Using org.eclipse.m2e.jdt.JarLifecycleMapping lifecycle mapping for MavenProject: techproject4830-Sossa:techproject4830-Sossa:0.0.1-SNAPSHOT @ F:\PC_Documents\UNO Spring 2021\Software Engineering\AWS Instance\workspaceCSCI4830-techproject-Sossa\techproject4830-Sossa\pom.xml.
2021-02-27 21:04:14,717 [Worker-25: Building workspace] WARN  o.e.m.c.i.embedder.EclipseLogger - Using platform encoding (Cp1252 actually) to copy filtered resources, i.e. build is platform dependent!
2021-02-27 21:04:14,730 [Worker-25: Building workspace] INFO  o.e.m.c.i.embedder.EclipseLogger - Copying 0 resource
2021-02-27 21:04:14,731 [Worker-25: Building workspace] WARN  o.e.m.c.i.embedder.EclipseLogger - Using platform encoding (Cp1252 actually) to copy filtered resources, i.e. build is platform dependent!
2021-02-27 21:04:14,742 [Worker-25: Building workspace] INFO  o.e.m.c.i.embedder.EclipseLogger - skip non existing resourceDirectory F:\PC_Documents\UNO Spring 2021\Software Engineering\AWS Instance\workspaceCSCI4830-techproject-Sossa\techproject4830-Sossa\src\test\resources
2021-02-27 21:21:45,478 [Worker-50: Creating maven-archetype-webapp] INFO  o.e.m.c.i.p.ProjectConfigurationManager - Collecting project info '/pom.xml' F:\PC_Documents\UNO Spring 2021\Software Engineering\AWS Instance\workspaceCSCI4830-techproject-Sossa\techproject4830-Sossa\pom.xml
2021-02-27 21:21:45,847 [Worker-50: Creating maven-archetype-webapp] INFO  o.e.m.c.i.l.LifecycleMappingFactory - Using org.eclipse.m2e.jdt.JarLifecycleMapping lifecycle mapping for MavenProject: techproject4830-Sossa:techproject4830-Sossa:0.0.1-SNAPSHOT @ F:\PC_Documents\UNO Spring 2021\Software Engineering\AWS Instance\workspaceCSCI4830-techproject-Sossa\techproject4830-Sossa\pom.xml.
2021-02-27 21:21:46,107 [Worker-50: Creating maven-archetype-webapp] INFO  o.e.m.j.i.AbstractJavaProjectConfigurator - Adding source folder /techproject4830-Sossa/src/main/java
2021-02-27 21:21:46,108 [Worker-50: Creating maven-archetype-webapp] INFO  o.e.m.j.i.AbstractJavaProjectConfigurator - Adding resource folder /techproject4830-Sossa/src/main/resources
2021-02-27 21:21:46,108 [Worker-50: Creating maven-archetype-webapp] INFO  o.e.m.j.i.AbstractJavaProjectConfigurator - Adding source folder /techproject4830-Sossa/src/test/java
2021-02-27 21:21:46,283 [Worker-50: Creating maven-archetype-webapp] INFO  o.e.m.c.i.p.ProjectConfigurationManager - Imported and configured 1 project(s) in 0 sec
2021-02-27 21:21:46,560 [Worker-50: Building workspace] WARN  o.e.m.c.i.embedder.EclipseLogger - Using platform encoding (Cp1252 actually) to copy filtered resources, i.e. build is platform dependent!
2021-02-27 21:21:46,577 [Worker-50: Building workspace] INFO  o.e.m.c.i.embedder.EclipseLogger - Copying 0 resource
2021-02-27 21:21:46,579 [Worker-50: Building workspace] WARN  o.e.m.c.i.embedder.EclipseLogger - Using platform encoding (Cp1252 actually) to copy filtered resources, i.e. build is platform dependent!
2021-02-27 21:21:46,592 [Worker-50: Building workspace] INFO  o.e.m.c.i.embedder.EclipseLogger - skip non existing resourceDirectory F:\PC_Documents\UNO Spring 2021\Software Engineering\AWS Instance\workspaceCSCI4830-techproject-Sossa\techproject4830-Sossa\src\test\resources
2021-02-27 21:22:46,886 [main] INFO  o.e.m2e.actions.ExecutePomAction - Creating new launch configuration
2021-02-27 21:22:53,431 [Worker-49: Launching techproject4830-Sossa] INFO  o.e.m.i.launch.MavenLaunchDelegate - F:\PC_Documents\UNO Spring 2021\Software Engineering\AWS Instance\workspaceCSCI4830-techproject-Sossa\techproject4830-Sossa
2021-02-27 21:22:53,431 [Worker-49: Launching techproject4830-Sossa] INFO  o.e.m.i.launch.MavenLaunchDelegate -  mvn -B clean install
2021-02-27 21:25:32,189 [Worker-50: Building workspace] WARN  o.e.m.c.i.embedder.EclipseLogger - Using platform encoding (Cp1252 actually) to copy filtered resources, i.e. build is platform dependent!
2021-02-27 21:25:32,220 [Worker-50: Building workspace] INFO  o.e.m.c.i.embedder.EclipseLogger - Copying 0 resource
2021-02-27 21:25:32,222 [Worker-50: Building workspace] WARN  o.e.m.c.i.embedder.EclipseLogger - Using platform encoding (Cp1252 actually) to copy filtered resources, i.e. build is platform dependent!
2021-02-27 21:25:32,235 [Worker-50: Building workspace] INFO  o.e.m.c.i.embedder.EclipseLogger - skip non existing resourceDirectory F:\PC_Documents\UNO Spring 2021\Software Engineering\AWS Instance\workspaceCSCI4830-techproject-Sossa\techproject4830-Sossa\src\test\resources
